c:\users\yangjinliang\source\repos\doubleviewar\doubleviewar\x64\debug\vc141.pdb
c:\users\yangjinliang\source\repos\doubleviewar\doubleviewar\x64\debug\vc141.idb
c:\users\yangjinliang\source\repos\doubleviewar\doubleviewar\x64\debug\m_easyar.obj
c:\users\yangjinliang\source\repos\doubleviewar\doubleviewar\x64\debug\main.obj
c:\users\yangjinliang\source\repos\doubleviewar\doubleviewar\x64\debug\m_opengl.obj
d:\应用\sources\doubleviewar\doubleviewar\x64\debug\vc142.pdb
d:\应用\sources\doubleviewar\doubleviewar\x64\debug\vc142.idb
d:\应用\sources\doubleviewar\doubleviewar\x64\debug\m_opengl.obj
d:\应用\sources\doubleviewar\doubleviewar\x64\debug\m_easyar.obj
d:\应用\sources\doubleviewar\doubleviewar\x64\debug\main.obj
c:\users\yangjinliang\source\repos\doubleviewar\x64\debug\doubleviewar.exe
c:\users\yangjinliang\source\repos\doubleviewar\x64\debug\doubleviewar.ilk
c:\users\yangjinliang\source\repos\doubleviewar\x64\debug\doubleviewar.pdb
d:\应用\sources\doubleviewar\x64\debug\doubleviewar.ilk
d:\应用\sources\doubleviewar\x64\debug\doubleviewar.exe
d:\应用\sources\doubleviewar\x64\debug\doubleviewar.pdb
d:\应用\sources\doubleviewar\doubleviewar\x64\debug\pch.obj
d:\应用\sources\doubleviewar\doubleviewar\x64\debug\doubleviewar.pch
d:\应用\sources\doubleviewar\doubleviewar\x64\debug\vc141.idb
d:\应用\sources\doubleviewar\doubleviewar\x64\debug\vc141.pdb
d:\应用\sources\doubleviewar\doubleviewar\x64\debug\doubleviewar.tlog\cl.command.1.tlog
d:\应用\sources\doubleviewar\doubleviewar\x64\debug\doubleviewar.tlog\cl.read.1.tlog
d:\应用\sources\doubleviewar\doubleviewar\x64\debug\doubleviewar.tlog\cl.write.1.tlog
d:\应用\sources\doubleviewar\doubleviewar\x64\debug\doubleviewar.tlog\link.command.1.tlog
d:\应用\sources\doubleviewar\doubleviewar\x64\debug\doubleviewar.tlog\link.read.1.tlog
d:\应用\sources\doubleviewar\doubleviewar\x64\debug\doubleviewar.tlog\link.write.1.tlog
